<?xml version="1.0" encoding="UTF-8"?>
<testng-results skipped="0" failed="0" ignored="0" total="1" passed="1">
  <reporter-output>
  </reporter-output>
  <suite name="Suite" duration-ms="23076" started-at="2019-06-02T03:36:14Z" finished-at="2019-06-02T03:36:37Z">
    <groups>
    </groups>
    <test name="Test" duration-ms="23076" started-at="2019-06-02T03:36:14Z" finished-at="2019-06-02T03:36:37Z">
      <class name="NewTest">
        <test-method status="PASS" signature="beforeTest()[pri:0, instance:NewTest@6fb554cc]" name="beforeTest" is-config="true" duration-ms="10158" started-at="2019-06-02T09:06:14Z" finished-at="2019-06-02T09:06:24Z">
          <reporter-output>
          </reporter-output>
        </test-method> <!-- beforeTest -->
        <test-method status="PASS" signature="f()[pri:0, instance:NewTest@6fb554cc]" name="f" duration-ms="10616" started-at="2019-06-02T09:06:24Z" finished-at="2019-06-02T09:06:35Z">
          <reporter-output>
          </reporter-output>
        </test-method> <!-- f -->
        <test-method status="PASS" signature="afterTest()[pri:0, instance:NewTest@6fb554cc]" name="afterTest" is-config="true" duration-ms="2275" started-at="2019-06-02T09:06:35Z" finished-at="2019-06-02T09:06:37Z">
          <reporter-output>
          </reporter-output>
        </test-method> <!-- afterTest -->
      </class> <!-- NewTest -->
    </test> <!-- Test -->
  </suite> <!-- Suite -->
</testng-results>
