<?xml version="1.0" encoding="UTF-8"?>
<testng-results skipped="0" failed="0" ignored="0" total="1" passed="1">
  <reporter-output>
  </reporter-output>
  <suite name="Suite" duration-ms="20419" started-at="2019-05-24T12:10:03Z" finished-at="2019-05-24T12:10:24Z">
    <groups>
    </groups>
    <test name="Test" duration-ms="20419" started-at="2019-05-24T12:10:03Z" finished-at="2019-05-24T12:10:24Z">
      <class name="NewTest">
        <test-method status="PASS" signature="beforeTest()[pri:0, instance:NewTest@28d25987]" name="beforeTest" is-config="true" duration-ms="5143" started-at="2019-05-24T17:40:03Z" finished-at="2019-05-24T17:40:08Z">
          <reporter-output>
          </reporter-output>
        </test-method> <!-- beforeTest -->
        <test-method status="PASS" signature="f()[pri:0, instance:NewTest@28d25987]" name="f" duration-ms="13623" started-at="2019-05-24T17:40:08Z" finished-at="2019-05-24T17:40:22Z">
          <reporter-output>
          </reporter-output>
        </test-method> <!-- f -->
        <test-method status="PASS" signature="afterTest()[pri:0, instance:NewTest@28d25987]" name="afterTest" is-config="true" duration-ms="1623" started-at="2019-05-24T17:40:22Z" finished-at="2019-05-24T17:40:24Z">
          <reporter-output>
          </reporter-output>
        </test-method> <!-- afterTest -->
      </class> <!-- NewTest -->
    </test> <!-- Test -->
  </suite> <!-- Suite -->
</testng-results>
